<?xml version="1.0" encoding="UTF-8"?>
<!-- Generated by org.testng.reporters.JUnitXMLReporter -->
<testsuite hostname="DESKTOP-ECUBRGD" failures="2" tests="2" name="Default test(failed)" time="0.077" errors="0" timestamp="25 Aug 2020 06:35:33 GMT">
  <testcase classname="ExecuteOnllyFailedTestCases.Case1" name="testcase3" time="0.029">
    <failure type="java.lang.AssertionError" message="expected [true] but found [false]">
      <![CDATA[java.lang.AssertionError: expected [true] but found [false]
	at ExecuteOnllyFailedTestCases.Case1.testcase3(Case1.java:23)
... Removed 28 stack frames]]>
    </failure>
  </testcase> <!-- testcase3 -->
  <testcase classname="ExecuteOnllyFailedTestCases.Case1" name="testcase4" time="0.008">
    <failure type="java.lang.AssertionError" message="expected [true] but found [false]">
      <![CDATA[java.lang.AssertionError: expected [true] but found [false]
	at ExecuteOnllyFailedTestCases.Case1.testcase4(Case1.java:29)
... Removed 28 stack frames]]>
    </failure>
  </testcase> <!-- testcase4 -->
</testsuite> <!-- Default test(failed) -->
